[2019-02-15T20:01:28.142] [DEBUG] cheese - login => username:admin,password:123456
[2019-02-15T20:01:28.144] [DEBUG] cheese - admin
[2019-02-15T20:01:28.177] [DEBUG] cheese - null
[2019-02-15T20:01:28.179] [DEBUG] cheese - null
[2019-02-15T20:01:32.333] [DEBUG] cheese - login => username:admin,password:123456
[2019-02-15T20:01:32.334] [DEBUG] cheese - admin
[2019-02-15T20:01:32.339] [DEBUG] cheese - null
[2019-02-15T20:01:32.340] [DEBUG] cheese - null
[2019-02-19T09:37:52.649] [DEBUG] cheese - login => username:admin,password:123456
[2019-02-19T09:37:52.652] [DEBUG] cheese - admin
[2019-02-19T09:37:52.694] [DEBUG] cheese - null
[2019-02-19T09:37:52.694] [DEBUG] cheese - null
[2019-02-19T09:37:59.295] [DEBUG] cheese - login => username:admin,password:123456
[2019-02-19T09:37:59.296] [DEBUG] cheese - admin
[2019-02-19T09:37:59.305] [DEBUG] cheese - null
[2019-02-19T09:37:59.305] [DEBUG] cheese - null
[2019-02-19T09:43:39.349] [DEBUG] cheese - login => username:admin,password:123456
[2019-02-19T09:43:39.349] [DEBUG] cheese - admin
[2019-02-19T09:43:39.356] [DEBUG] cheese - null
[2019-02-19T09:43:39.356] [DEBUG] cheese - null
[2019-02-19T09:45:25.578] [DEBUG] cheese - login => username:admin,password:123456
[2019-02-19T09:45:25.578] [DEBUG] cheese - admin
[2019-02-19T09:45:25.582] [DEBUG] cheese - null
[2019-02-19T09:45:25.582] [DEBUG] cheese - null
[2019-02-19T09:47:37.996] [DEBUG] cheese - login => username:admin,password:123456
[2019-02-19T09:47:37.996] [DEBUG] cheese - admin
[2019-02-19T09:47:38.000] [DEBUG] cheese - null
[2019-02-19T09:47:38.000] [DEBUG] cheese - null
[2019-02-19T15:24:43.995] [DEBUG] cheese - login => username:admin,password:123456
[2019-02-19T15:24:43.995] [DEBUG] cheese - admin
[2019-02-19T15:24:44.009] [DEBUG] cheese - null
[2019-02-19T15:24:44.009] [DEBUG] cheese - null
[2019-02-19T15:26:37.076] [DEBUG] cheese - login => username:admin,password:123456
[2019-02-19T15:26:37.076] [DEBUG] cheese - admin
[2019-02-19T15:26:37.081] [DEBUG] cheese - null
[2019-02-19T15:26:37.082] [DEBUG] cheese - null
[2019-02-19T15:26:55.074] [DEBUG] cheese - login => username:admin,password:123456
[2019-02-19T15:26:55.074] [DEBUG] cheese - admin
[2019-02-19T15:26:55.084] [DEBUG] cheese - null
[2019-02-19T15:26:55.084] [DEBUG] cheese - null
[2019-02-19T15:56:46.723] [DEBUG] cheese - login => username:admin,password:123456
[2019-02-19T15:56:46.723] [DEBUG] cheese - admin
[2019-02-19T15:56:46.734] [DEBUG] cheese - null
[2019-02-19T15:56:46.734] [DEBUG] cheese - null
[2019-02-19T15:58:35.286] [DEBUG] cheese - login => username:admin,password:123456
[2019-02-19T15:58:35.286] [DEBUG] cheese - admin
[2019-02-19T15:58:35.289] [DEBUG] cheese - null
[2019-02-19T15:58:35.289] [DEBUG] cheese - null
[2019-02-19T17:55:32.637] [DEBUG] cheese - login => username:admin,password:123456
[2019-02-19T17:55:32.637] [DEBUG] cheese - admin
[2019-02-19T17:55:32.647] [DEBUG] cheese - null
[2019-02-19T17:55:32.647] [DEBUG] cheese - null
[2019-02-21T10:18:14.063] [DEBUG] cheese - login => username:admin,password:123456
[2019-02-21T10:18:14.070] [DEBUG] cheese - admin
[2019-02-21T10:18:14.148] [DEBUG] cheese - null
[2019-02-21T10:18:14.149] [DEBUG] cheese - null
[2019-02-21T11:25:47.489] [DEBUG] cheese - login => username:admin,password:123456
[2019-02-21T11:25:47.489] [DEBUG] cheese - admin
[2019-02-21T11:25:47.506] [DEBUG] cheese - null
[2019-02-21T11:25:47.506] [DEBUG] cheese - null
[2019-02-22T11:01:00.725] [DEBUG] cheese - login => username:admin,password:123456
[2019-02-22T11:01:00.727] [DEBUG] cheese - admin
[2019-02-22T11:01:00.770] [DEBUG] cheese - null
[2019-02-22T11:01:00.772] [DEBUG] cheese - null
[2019-02-22T14:28:55.378] [DEBUG] cheese - login => username:admin,password:123456
[2019-02-22T14:28:55.381] [DEBUG] cheese - admin
[2019-02-22T14:28:55.421] [DEBUG] cheese - null
[2019-02-22T14:28:55.422] [DEBUG] cheese - null
[2019-02-22T17:15:50.869] [DEBUG] cheese - login => username:admin,password:123456
[2019-02-22T17:15:50.870] [DEBUG] cheese - admin
[2019-02-22T17:15:50.877] [DEBUG] cheese - null
[2019-02-22T17:15:50.877] [DEBUG] cheese - null
[2019-02-24T11:35:12.324] [DEBUG] cheese - login => username:admin,password:123456
[2019-02-24T11:35:12.326] [DEBUG] cheese - admin
[2019-02-24T11:35:12.370] [DEBUG] cheese - null
[2019-02-24T11:35:12.371] [DEBUG] cheese - null
[2019-02-27T09:23:47.188] [DEBUG] cheese - login => username:admin,password:123456
[2019-02-27T09:23:47.190] [DEBUG] cheese - admin
[2019-02-27T09:23:47.223] [DEBUG] cheese - null
[2019-02-27T09:23:47.224] [DEBUG] cheese - null
[2019-02-28T09:50:57.906] [DEBUG] cheese - login => username:admin,password:123456
[2019-02-28T09:50:57.909] [DEBUG] cheese - admin
[2019-02-28T09:50:57.944] [DEBUG] cheese - null
[2019-02-28T09:50:57.945] [DEBUG] cheese - null
[2019-02-28T15:16:44.289] [DEBUG] cheese - null
[2019-02-28T15:17:00.618] [DEBUG] cheese - null
[2019-02-28T15:19:53.922] [DEBUG] cheese - null
[2019-02-28T15:22:24.314] [DEBUG] cheese - null
[2019-02-28T15:22:32.485] [DEBUG] cheese - null
[2019-02-28T15:22:40.802] [DEBUG] cheese - null
[2019-03-04T10:09:14.253] [DEBUG] cheese - login => username:admin,password:123456
[2019-03-04T10:09:14.255] [DEBUG] cheese - admin
[2019-03-04T10:09:14.295] [DEBUG] cheese - null
[2019-03-04T10:09:14.297] [DEBUG] cheese - null
[2019-03-05T11:12:05.616] [DEBUG] cheese - login => username:admin,password:123456
[2019-03-05T11:12:05.619] [DEBUG] cheese - admin
[2019-03-05T11:12:05.704] [DEBUG] cheese - null
[2019-03-05T11:12:05.705] [DEBUG] cheese - null
[2019-03-07T11:17:59.651] [DEBUG] cheese - login => username:admin,password:123456
[2019-03-07T11:17:59.653] [DEBUG] cheese - admin
[2019-03-07T11:17:59.696] [DEBUG] cheese - null
[2019-03-07T11:17:59.698] [DEBUG] cheese - null
[2019-03-11T11:01:25.302] [DEBUG] cheese - login => username:admin,password:123456
[2019-03-11T11:01:25.304] [DEBUG] cheese - admin
[2019-03-11T11:01:25.342] [DEBUG] cheese - null
[2019-03-11T11:01:25.343] [DEBUG] cheese - null
[2019-03-12T16:21:19.284] [DEBUG] cheese - login => username:admin,password:123456
[2019-03-12T16:21:19.287] [DEBUG] cheese - admin
[2019-03-12T16:21:19.327] [DEBUG] cheese - null
[2019-03-12T16:21:19.328] [DEBUG] cheese - null
[2019-03-13T13:01:03.746] [DEBUG] cheese - login => username:admin,password:123456
[2019-03-13T13:01:03.749] [DEBUG] cheese - admin
[2019-03-13T13:01:03.787] [DEBUG] cheese - null
[2019-03-13T13:01:03.788] [DEBUG] cheese - null
[2019-03-13T18:10:37.792] [DEBUG] cheese - login => username:admin,password:123456
[2019-03-13T18:10:37.792] [DEBUG] cheese - admin
[2019-03-13T18:10:37.798] [DEBUG] cheese - null
[2019-03-13T18:10:37.799] [DEBUG] cheese - null
[2019-03-14T09:52:27.182] [DEBUG] cheese - login => username:admin,password:123456
[2019-03-14T09:52:27.185] [DEBUG] cheese - admin
[2019-03-14T09:52:27.250] [DEBUG] cheese - null
[2019-03-14T09:52:27.252] [DEBUG] cheese - null
[2019-03-14T14:06:30.186] [DEBUG] cheese - login => username:admin,password:123456
[2019-03-14T14:06:30.187] [DEBUG] cheese - admin
[2019-03-14T14:06:30.192] [DEBUG] cheese - null
[2019-03-14T14:06:30.192] [DEBUG] cheese - null
[2019-03-18T10:37:32.940] [DEBUG] cheese - login => username:admin,password:123456
[2019-03-18T10:37:32.942] [DEBUG] cheese - admin
[2019-03-18T10:37:33.009] [DEBUG] cheese - null
[2019-03-18T10:37:33.012] [DEBUG] cheese - null
[2019-03-18T10:44:33.960] [DEBUG] cheese - login => username:admin,password:123456
[2019-03-18T10:44:33.960] [DEBUG] cheese - admin
[2019-03-18T10:44:33.965] [DEBUG] cheese - null
[2019-03-18T10:44:33.965] [DEBUG] cheese - null
[2019-03-18T11:10:26.359] [DEBUG] cheese - login => username:admin,password:123456
[2019-03-18T11:10:26.359] [DEBUG] cheese - admin
[2019-03-18T11:10:26.368] [DEBUG] cheese - null
[2019-03-18T11:10:26.368] [DEBUG] cheese - null
[2019-03-18T16:40:06.963] [DEBUG] cheese - login => username:admin,password:123456
[2019-03-18T16:40:06.963] [DEBUG] cheese - admin
[2019-03-18T16:40:06.990] [DEBUG] cheese - null
[2019-03-18T16:40:06.990] [DEBUG] cheese - null
[2019-03-18T16:44:12.003] [DEBUG] cheese - login => username:admin,password:123456
[2019-03-18T16:44:12.003] [DEBUG] cheese - admin
[2019-03-18T16:44:12.009] [DEBUG] cheese - null
[2019-03-18T16:44:12.009] [DEBUG] cheese - null
[2019-03-18T16:45:36.212] [DEBUG] cheese - login => username:admin,password:123456
[2019-03-18T16:45:36.213] [DEBUG] cheese - admin
[2019-03-18T16:45:36.218] [DEBUG] cheese - null
[2019-03-18T16:45:36.218] [DEBUG] cheese - null
[2019-03-18T16:53:31.337] [DEBUG] cheese - login => username:admin,password:123456
[2019-03-18T16:53:31.337] [DEBUG] cheese - admin
[2019-03-18T16:53:31.345] [DEBUG] cheese - null
[2019-03-18T16:53:31.345] [DEBUG] cheese - null
[2019-03-19T14:44:00.131] [DEBUG] cheese - login => username:admin,password:123456
[2019-03-19T14:44:00.136] [DEBUG] cheese - admin
[2019-03-19T14:44:00.195] [DEBUG] cheese - null
[2019-03-19T14:44:00.196] [DEBUG] cheese - null
[2019-03-19T15:54:15.897] [DEBUG] cheese - null
[2019-03-19T15:58:59.444] [DEBUG] cheese - null
[2019-03-19T21:36:04.485] [DEBUG] cheese - login => username:admin,password:123456
[2019-03-19T21:36:04.487] [DEBUG] cheese - admin
[2019-03-19T21:36:04.500] [DEBUG] cheese - null
[2019-03-19T21:36:04.502] [DEBUG] cheese - null
[2019-03-19T21:44:57.064] [DEBUG] cheese - login => username:admin,password:123456
[2019-03-19T21:44:57.065] [DEBUG] cheese - admin
[2019-03-19T21:44:57.068] [DEBUG] cheese - null
[2019-03-19T21:44:57.068] [DEBUG] cheese - null
[2019-03-20T11:00:25.466] [DEBUG] cheese - login => username:admin,password:123456
[2019-03-20T11:00:25.468] [DEBUG] cheese - admin
[2019-03-20T11:00:25.510] [DEBUG] cheese - null
[2019-03-20T11:00:25.511] [DEBUG] cheese - null
[2020-06-18T15:45:27.740] [DEBUG] cheese - login => username:admin,password:123456
[2020-06-18T15:45:27.745] [DEBUG] cheese - admin
[2020-06-18T15:45:27.771] [DEBUG] cheese - null
[2020-06-18T15:45:27.772] [DEBUG] cheese - null
[2020-06-18T15:45:32.918] [DEBUG] cheese - login => username:admin,password:123456
[2020-06-18T15:45:32.918] [DEBUG] cheese - admin
[2020-06-18T15:45:32.923] [DEBUG] cheese - null
[2020-06-18T15:45:32.923] [DEBUG] cheese - null
[2020-06-18T15:45:36.202] [DEBUG] cheese - login => username:admin,password:123456
[2020-06-18T15:45:36.202] [DEBUG] cheese - admin
[2020-06-18T15:45:36.204] [DEBUG] cheese - null
[2020-06-18T15:45:36.204] [DEBUG] cheese - null
[2020-06-18T15:45:40.501] [DEBUG] cheese - login => username:admin,password:123456
[2020-06-18T15:45:40.502] [DEBUG] cheese - admin
[2020-06-18T15:45:40.504] [DEBUG] cheese - null
[2020-06-18T15:45:40.504] [DEBUG] cheese - null
[2020-06-18T15:46:19.206] [DEBUG] cheese - login => username:admin,password:123456
[2020-06-18T15:46:19.206] [DEBUG] cheese - admin
[2020-06-18T15:46:19.209] [DEBUG] cheese - null
[2020-06-18T15:46:19.209] [DEBUG] cheese - null
[2020-06-18T15:47:49.879] [DEBUG] cheese - login => username:loginForm.userName,password:loginForm.userPassWord
[2020-06-18T15:47:49.879] [DEBUG] cheese - loginForm.userName
[2020-06-18T15:47:49.881] [DEBUG] cheese - null
[2020-06-18T15:47:49.881] [DEBUG] cheese - null
[2020-06-18T15:47:55.149] [DEBUG] cheese - login => username:loginForm.userName,password:loginForm.userPassWord
[2020-06-18T15:47:55.149] [DEBUG] cheese - loginForm.userName
[2020-06-18T15:47:55.150] [DEBUG] cheese - null
[2020-06-18T15:47:55.150] [DEBUG] cheese - null
[2020-06-18T15:48:11.124] [DEBUG] cheese - login => username:admin,password:123456
[2020-06-18T15:48:11.124] [DEBUG] cheese - admin
[2020-06-18T15:48:11.127] [DEBUG] cheese - null
[2020-06-18T15:48:11.127] [DEBUG] cheese - null
[2020-06-18T15:48:31.356] [DEBUG] cheese - login => username:admin,password:123456
[2020-06-18T15:48:31.356] [DEBUG] cheese - admin
[2020-06-18T15:48:31.359] [DEBUG] cheese - null
[2020-06-18T15:48:31.359] [DEBUG] cheese - null
[2020-06-18T15:50:11.973] [DEBUG] cheese - login => username:admin,password:123456
[2020-06-18T15:50:11.973] [DEBUG] cheese - admin
[2020-06-18T15:50:11.975] [DEBUG] cheese - null
[2020-06-18T15:50:11.975] [DEBUG] cheese - null
[2020-06-18T15:50:43.637] [DEBUG] cheese - login => username:admin,password:123456
[2020-06-18T15:50:43.637] [DEBUG] cheese - admin
[2020-06-18T15:50:43.639] [DEBUG] cheese - null
[2020-06-18T15:50:43.639] [DEBUG] cheese - null
[2020-06-18T15:50:46.072] [DEBUG] cheese - login => username:admin,password:123456
[2020-06-18T15:50:46.072] [DEBUG] cheese - admin
[2020-06-18T15:50:46.074] [DEBUG] cheese - null
[2020-06-18T15:50:46.074] [DEBUG] cheese - null
[2020-06-18T21:32:39.672] [DEBUG] cheese - login => username:admin,password:123456
[2020-06-18T21:32:39.673] [DEBUG] cheese - admin
[2020-06-18T21:32:39.688] [DEBUG] cheese - null
[2020-06-18T21:32:39.688] [DEBUG] cheese - null
[2020-06-18T21:33:21.694] [DEBUG] cheese - login => username:admin,password:123456
[2020-06-18T21:33:21.694] [DEBUG] cheese - admin
[2020-06-18T21:33:21.696] [DEBUG] cheese - null
[2020-06-18T21:33:21.696] [DEBUG] cheese - null
[2020-06-18T21:36:28.735] [DEBUG] cheese - login => username:admin,password:123456
[2020-06-18T21:36:28.736] [DEBUG] cheese - admin
[2020-06-18T21:36:28.741] [DEBUG] cheese - null
[2020-06-18T21:36:28.741] [DEBUG] cheese - null
[2020-06-18T21:36:43.216] [DEBUG] cheese - login => username:admin,password:123456
[2020-06-18T21:36:43.216] [DEBUG] cheese - admin
[2020-06-18T21:36:43.218] [DEBUG] cheese - null
[2020-06-18T21:36:43.218] [DEBUG] cheese - null
[2020-06-18T21:48:46.631] [DEBUG] cheese - login => username:123,password:456123
[2020-06-18T21:48:46.631] [DEBUG] cheese - 123
[2020-06-18T21:48:46.675] [DEBUG] cheese - null
[2020-06-18T21:48:46.675] [DEBUG] cheese - null
[2020-06-18T21:53:35.739] [DEBUG] cheese - login => username:admin,password:123456
[2020-06-18T21:53:35.740] [DEBUG] cheese - admin
[2020-06-18T21:53:35.745] [DEBUG] cheese - null
[2020-06-18T21:53:35.745] [DEBUG] cheese - null
[2020-06-18T21:55:29.363] [DEBUG] cheese - login => username:admin,password:123456
[2020-06-18T21:55:29.363] [DEBUG] cheese - admin
[2020-06-18T21:55:29.365] [DEBUG] cheese - null
[2020-06-18T21:55:29.365] [DEBUG] cheese - null
[2020-06-18T21:57:01.734] [DEBUG] cheese - login => username:admin,password:123456
[2020-06-18T21:57:01.735] [DEBUG] cheese - admin
[2020-06-18T21:57:01.739] [DEBUG] cheese - null
[2020-06-18T21:57:01.739] [DEBUG] cheese - null
[2020-06-20T10:37:35.191] [DEBUG] cheese - login => username:admin,password:123456
[2020-06-20T10:37:35.191] [DEBUG] cheese - admin
[2020-06-20T10:37:35.198] [DEBUG] cheese - null
[2020-06-20T10:37:35.198] [DEBUG] cheese - null
[2020-06-20T13:52:42.752] [DEBUG] cheese - login => username:admin,password:123456
[2020-06-20T13:52:42.753] [DEBUG] cheese - admin
[2020-06-20T13:52:42.763] [DEBUG] cheese - null
[2020-06-20T13:52:42.763] [DEBUG] cheese - null
[2020-06-20T14:00:02.826] [DEBUG] cheese - login => username:admin,password:123456
[2020-06-20T14:00:02.826] [DEBUG] cheese - admin
[2020-06-20T14:00:02.828] [DEBUG] cheese - null
[2020-06-20T14:00:02.828] [DEBUG] cheese - null
[2020-06-20T14:00:19.095] [DEBUG] cheese - login => username:admin,password:123465
[2020-06-20T14:00:19.095] [DEBUG] cheese - admin
[2020-06-20T14:00:19.098] [DEBUG] cheese - null
[2020-06-20T14:00:19.098] [DEBUG] cheese - null
[2020-06-20T14:00:23.957] [DEBUG] cheese - login => username:admin,password:123456
[2020-06-20T14:00:23.957] [DEBUG] cheese - admin
[2020-06-20T14:00:23.959] [DEBUG] cheese - null
[2020-06-20T14:00:23.959] [DEBUG] cheese - null
[2020-06-20T14:35:07.825] [DEBUG] cheese - login => username:admin,password:123456
[2020-06-20T14:35:07.826] [DEBUG] cheese - admin
[2020-06-20T14:35:07.832] [DEBUG] cheese - null
[2020-06-20T14:35:07.832] [DEBUG] cheese - null
[2020-06-20T14:37:17.640] [DEBUG] cheese - login => username:admin,password:123456
[2020-06-20T14:37:17.641] [DEBUG] cheese - admin
[2020-06-20T14:37:17.643] [DEBUG] cheese - null
[2020-06-20T14:37:17.644] [DEBUG] cheese - null
[2020-06-20T14:37:46.948] [DEBUG] cheese - login => username:admin,password:123456
[2020-06-20T14:37:46.948] [DEBUG] cheese - admin
[2020-06-20T14:37:46.951] [DEBUG] cheese - null
[2020-06-20T14:37:46.952] [DEBUG] cheese - null
[2020-06-20T14:50:03.558] [DEBUG] cheese - login => username:admin,password:1213456
[2020-06-20T14:50:03.559] [DEBUG] cheese - admin
[2020-06-20T14:50:03.565] [DEBUG] cheese - null
[2020-06-20T14:50:03.565] [DEBUG] cheese - null
[2020-06-20T14:50:07.930] [DEBUG] cheese - login => username:admin,password:123456
[2020-06-20T14:50:07.930] [DEBUG] cheese - admin
[2020-06-20T14:50:07.931] [DEBUG] cheese - null
[2020-06-20T14:50:07.931] [DEBUG] cheese - null
[2020-06-20T15:12:35.811] [DEBUG] cheese - login => username:admin,password:123456
[2020-06-20T15:12:35.812] [DEBUG] cheese - admin
[2020-06-20T15:12:35.816] [DEBUG] cheese - null
[2020-06-20T15:12:35.817] [DEBUG] cheese - null
[2020-06-20T15:16:50.879] [DEBUG] cheese - login => username:admin,password:123456
[2020-06-20T15:16:50.879] [DEBUG] cheese - admin
[2020-06-20T15:16:50.881] [DEBUG] cheese - null
[2020-06-20T15:16:50.881] [DEBUG] cheese - null
[2020-06-20T15:20:20.146] [DEBUG] cheese - login => username:admin,password:123456
[2020-06-20T15:20:20.147] [DEBUG] cheese - admin
[2020-06-20T15:20:20.149] [DEBUG] cheese - null
[2020-06-20T15:20:20.149] [DEBUG] cheese - null
[2020-06-20T15:56:01.410] [DEBUG] cheese - login => username:admin,password:123456
[2020-06-20T15:56:01.411] [DEBUG] cheese - admin
[2020-06-20T15:56:01.417] [DEBUG] cheese - null
[2020-06-20T15:56:01.418] [DEBUG] cheese - null
[2020-06-20T16:00:04.238] [DEBUG] cheese - login => username:admin,password:123456
[2020-06-20T16:00:04.238] [DEBUG] cheese - admin
[2020-06-20T16:00:04.240] [DEBUG] cheese - null
[2020-06-20T16:00:04.240] [DEBUG] cheese - null
[2020-06-20T16:02:37.575] [DEBUG] cheese - login => username:admin,password:123456
[2020-06-20T16:02:37.575] [DEBUG] cheese - admin
[2020-06-20T16:02:37.577] [DEBUG] cheese - null
[2020-06-20T16:02:37.577] [DEBUG] cheese - null
[2020-06-21T09:05:07.221] [DEBUG] cheese - login => username:admin,password:123456
[2020-06-21T09:05:07.222] [DEBUG] cheese - admin
[2020-06-21T09:05:07.233] [DEBUG] cheese - null
[2020-06-21T09:05:07.234] [DEBUG] cheese - null
[2020-06-21T09:29:07.877] [DEBUG] cheese - login => username:admin,password:123456
[2020-06-21T09:29:07.878] [DEBUG] cheese - admin
[2020-06-21T09:29:07.880] [DEBUG] cheese - null
[2020-06-21T09:29:07.880] [DEBUG] cheese - null
[2020-06-21T13:11:08.196] [DEBUG] cheese - login => username:admin,password:123456
[2020-06-21T13:11:08.196] [DEBUG] cheese - admin
[2020-06-21T13:11:08.201] [DEBUG] cheese - null
[2020-06-21T13:11:08.201] [DEBUG] cheese - null
[2020-06-21T14:32:39.041] [DEBUG] cheese - login => username:admin,password:123456
[2020-06-21T14:32:39.042] [DEBUG] cheese - admin
[2020-06-21T14:32:39.045] [DEBUG] cheese - null
[2020-06-21T14:32:39.045] [DEBUG] cheese - null
[2020-06-21T14:41:57.070] [DEBUG] cheese - login => username:admin,password:123456
[2020-06-21T14:41:57.070] [DEBUG] cheese - admin
[2020-06-21T14:41:57.072] [DEBUG] cheese - null
[2020-06-21T14:41:57.073] [DEBUG] cheese - null
[2020-06-21T21:59:10.899] [DEBUG] cheese - login => username:admin,password:123456
[2020-06-21T21:59:10.900] [DEBUG] cheese - admin
[2020-06-21T21:59:10.902] [DEBUG] cheese - null
[2020-06-21T21:59:10.902] [DEBUG] cheese - null
[2020-06-22T09:49:26.269] [DEBUG] cheese - login => username:admin,password:123456
[2020-06-22T09:49:26.271] [DEBUG] cheese - admin
[2020-06-22T09:49:26.276] [DEBUG] cheese - null
[2020-06-22T09:49:26.276] [DEBUG] cheese - null
[2020-06-22T09:51:47.251] [DEBUG] cheese - login => username:admin,password:123456
[2020-06-22T09:51:47.251] [DEBUG] cheese - admin
[2020-06-22T09:51:47.256] [DEBUG] cheese - null
[2020-06-22T09:51:47.256] [DEBUG] cheese - null
[2020-06-22T09:53:35.659] [DEBUG] cheese - login => username:admin,password:123456
[2020-06-22T09:53:35.659] [DEBUG] cheese - admin
[2020-06-22T09:53:35.661] [DEBUG] cheese - null
[2020-06-22T09:53:35.661] [DEBUG] cheese - null
[2020-06-22T10:02:22.423] [DEBUG] cheese - login => username:admin,password:123456
[2020-06-22T10:02:22.423] [DEBUG] cheese - admin
[2020-06-22T10:02:22.425] [DEBUG] cheese - null
[2020-06-22T10:02:22.425] [DEBUG] cheese - null
[2020-06-22T13:58:46.628] [DEBUG] cheese - login => username:admin,password:123456
[2020-06-22T13:58:46.628] [DEBUG] cheese - admin
[2020-06-22T13:58:46.629] [DEBUG] cheese - null
[2020-06-22T13:58:46.630] [DEBUG] cheese - null
[2020-06-22T14:09:13.176] [DEBUG] cheese - login => username:admin,password:123456
[2020-06-22T14:09:13.176] [DEBUG] cheese - admin
[2020-06-22T14:09:13.178] [DEBUG] cheese - null
[2020-06-22T14:09:13.178] [DEBUG] cheese - null
[2020-06-22T14:22:03.478] [DEBUG] cheese - login => username:admin,password:123456
[2020-06-22T14:22:03.478] [DEBUG] cheese - admin
[2020-06-22T14:22:03.482] [DEBUG] cheese - null
[2020-06-22T14:22:03.482] [DEBUG] cheese - null
[2020-06-22T14:29:15.573] [DEBUG] cheese - login => username:admin,password:123465
[2020-06-22T14:29:15.573] [DEBUG] cheese - admin
[2020-06-22T14:29:15.575] [DEBUG] cheese - null
[2020-06-22T14:29:15.575] [DEBUG] cheese - null
[2020-06-22T14:29:20.307] [DEBUG] cheese - login => username:admin,password:123456
[2020-06-22T14:29:20.307] [DEBUG] cheese - admin
[2020-06-22T14:29:20.309] [DEBUG] cheese - null
[2020-06-22T14:29:20.309] [DEBUG] cheese - null
[2020-06-22T14:30:41.314] [DEBUG] cheese - login => username:admin,password:123456
[2020-06-22T14:30:41.314] [DEBUG] cheese - admin
[2020-06-22T14:30:41.316] [DEBUG] cheese - null
[2020-06-22T14:30:41.316] [DEBUG] cheese - null
[2020-06-22T18:03:54.390] [DEBUG] cheese - login => username:admin,password:123456
[2020-06-22T18:03:54.391] [DEBUG] cheese - admin
[2020-06-22T18:03:54.398] [DEBUG] cheese - null
[2020-06-22T18:03:54.399] [DEBUG] cheese - null
[2020-06-22T19:32:28.468] [DEBUG] cheese - login => username:admin,password:123456
[2020-06-22T19:32:28.469] [DEBUG] cheese - admin
[2020-06-22T19:32:28.471] [DEBUG] cheese - null
[2020-06-22T19:32:28.471] [DEBUG] cheese - null
[2020-06-22T19:42:44.192] [DEBUG] cheese - login => username:admin,password:123456
[2020-06-22T19:42:44.192] [DEBUG] cheese - admin
[2020-06-22T19:42:44.194] [DEBUG] cheese - null
[2020-06-22T19:42:44.194] [DEBUG] cheese - null
[2020-06-23T10:02:55.728] [DEBUG] cheese - login => username:admin,password:123456
[2020-06-23T10:02:55.730] [DEBUG] cheese - admin
[2020-06-23T10:02:55.731] [DEBUG] cheese - null
[2020-06-23T10:02:55.732] [DEBUG] cheese - null
[2020-06-23T14:19:28.782] [DEBUG] cheese - null
[2020-06-23T14:26:51.067] [DEBUG] cheese - null
[2020-06-23T14:27:26.476] [DEBUG] cheese - null
[2020-06-23T14:27:50.420] [DEBUG] cheese - null
[2020-06-23T14:28:59.603] [DEBUG] cheese - null
[2020-06-23T14:29:07.733] [DEBUG] cheese - null
[2020-06-23T14:29:45.661] [DEBUG] cheese - null
[2020-06-23T14:30:28.627] [DEBUG] cheese - null
[2020-06-23T14:31:00.939] [DEBUG] cheese - null
[2020-06-23T14:32:40.907] [DEBUG] cheese - null
[2020-06-23T14:36:09.259] [DEBUG] cheese - null
[2020-06-23T14:36:11.842] [DEBUG] cheese - null
[2020-06-23T14:36:18.555] [DEBUG] cheese - null
[2020-06-23T14:36:21.544] [DEBUG] cheese - null
[2020-06-23T14:36:24.585] [DEBUG] cheese - null
[2020-06-23T14:36:53.115] [DEBUG] cheese - null
[2020-06-23T14:36:55.784] [DEBUG] cheese - null
[2020-06-23T14:37:27.763] [DEBUG] cheese - null
[2020-06-23T14:37:32.280] [DEBUG] cheese - null
[2020-06-23T14:40:18.081] [DEBUG] cheese - null
[2020-06-23T14:40:20.200] [DEBUG] cheese - null
[2020-06-23T14:40:23.098] [DEBUG] cheese - null
[2020-06-23T14:45:59.129] [DEBUG] cheese - null
[2020-06-23T14:46:34.623] [DEBUG] cheese - null
[2020-06-23T14:50:30.039] [DEBUG] cheese - null
[2020-06-23T14:51:55.272] [DEBUG] cheese - null
[2020-06-23T14:51:57.574] [DEBUG] cheese - null
[2020-06-23T14:52:00.132] [DEBUG] cheese - null
[2020-06-23T15:13:46.935] [DEBUG] cheese - login => username:admin,password:123456
[2020-06-23T15:13:46.935] [DEBUG] cheese - admin
[2020-06-23T15:13:46.936] [DEBUG] cheese - null
[2020-06-23T15:13:46.936] [DEBUG] cheese - null
[2020-06-24T10:01:21.896] [DEBUG] cheese - login => username:admin,password:123456
[2020-06-24T10:01:21.897] [DEBUG] cheese - admin
[2020-06-24T10:01:21.903] [DEBUG] cheese - null
[2020-06-24T10:01:21.903] [DEBUG] cheese - null
[2020-06-24T13:32:52.732] [DEBUG] cheese - login => username:admin,password:123456
[2020-06-24T13:32:52.733] [DEBUG] cheese - admin
[2020-06-24T13:32:52.739] [DEBUG] cheese - null
[2020-06-24T13:32:52.740] [DEBUG] cheese - null
[2020-06-24T15:14:20.576] [DEBUG] cheese - login => username:admin,password:123456
[2020-06-24T15:14:23.576] [DEBUG] cheese - admin
[2020-06-24T15:14:23.579] [DEBUG] cheese - login => username:admin,password:123456
[2020-06-24T15:14:23.579] [DEBUG] cheese - admin
[2020-06-24T15:14:23.596] [DEBUG] cheese - null
[2020-06-24T15:14:23.597] [DEBUG] cheese - null
[2020-06-24T15:14:23.680] [DEBUG] cheese - null
[2020-06-24T15:14:23.680] [DEBUG] cheese - null
[2020-06-25T13:47:44.560] [DEBUG] cheese - login => username:admin,password:123456
[2020-06-25T13:47:44.617] [DEBUG] cheese - admin
[2020-06-25T13:47:44.624] [DEBUG] cheese - null
[2020-06-25T13:47:44.625] [DEBUG] cheese - null
[2020-06-25T16:12:28.656] [DEBUG] cheese - login => username:admin,password:133456
[2020-06-25T16:12:28.657] [DEBUG] cheese - admin
[2020-06-25T16:12:28.660] [DEBUG] cheese - null
[2020-06-25T16:12:28.661] [DEBUG] cheese - null
[2020-06-25T16:12:32.182] [DEBUG] cheese - login => username:admin,password:123456
[2020-06-25T16:12:32.182] [DEBUG] cheese - admin
[2020-06-25T16:12:32.184] [DEBUG] cheese - null
[2020-06-25T16:12:32.184] [DEBUG] cheese - null
[2020-06-25T16:13:57.536] [DEBUG] cheese - login => username:admin,password:123456
[2020-06-25T16:13:57.536] [DEBUG] cheese - admin
[2020-06-25T16:13:57.538] [DEBUG] cheese - null
[2020-06-25T16:13:57.538] [DEBUG] cheese - null
[2020-06-26T10:01:34.260] [DEBUG] cheese - login => username:admin,password:123456
[2020-06-26T10:01:34.262] [DEBUG] cheese - admin
[2020-06-26T10:01:34.266] [DEBUG] cheese - null
[2020-06-26T10:01:34.266] [DEBUG] cheese - null
[2020-06-26T10:07:19.862] [DEBUG] cheese - login => username:admin,password:123456
[2020-06-26T10:07:19.863] [DEBUG] cheese - admin
[2020-06-26T10:07:19.876] [DEBUG] cheese - null
[2020-06-26T10:07:19.876] [DEBUG] cheese - null
[2020-06-26T14:28:34.656] [DEBUG] cheese - login => username:admin,password:123456
[2020-06-26T14:28:34.659] [DEBUG] cheese - admin
[2020-06-26T14:28:34.663] [DEBUG] cheese - null
[2020-06-26T14:28:34.663] [DEBUG] cheese - null
[2020-06-26T14:40:06.594] [DEBUG] cheese - login => username:admin,password:123456
[2020-06-26T14:40:06.594] [DEBUG] cheese - admin
[2020-06-26T14:40:06.596] [DEBUG] cheese - null
[2020-06-26T14:40:06.596] [DEBUG] cheese - null
[2020-06-26T14:59:30.414] [DEBUG] cheese - login => username:admin,password:123456
[2020-06-26T14:59:30.414] [DEBUG] cheese - admin
[2020-06-26T14:59:30.418] [DEBUG] cheese - null
[2020-06-26T14:59:30.418] [DEBUG] cheese - null
[2020-06-26T15:47:41.634] [DEBUG] cheese - login => username:admin,password:123456
[2020-06-26T15:47:41.635] [DEBUG] cheese - admin
[2020-06-26T15:47:41.645] [DEBUG] cheese - null
[2020-06-26T15:47:41.645] [DEBUG] cheese - null
